Performing C SOURCE FILE Test CMAKE_HAVE_LIBC_PTHREAD failed with the following output:
Change Dir: /home/apengse/APengse/Ros/ros_demo_2/build/CMakeFiles/CMakeTmp

Run Build Command(s):/usr/bin/make cmTC_e9caa/fast && /usr/bin/make -f CMakeFiles/cmTC_e9caa.dir/build.make CMakeFiles/cmTC_e9caa.dir/build
make[1]: Entering directory '/home/apengse/APengse/Ros/ros_demo_2/build/CMakeFiles/CMakeTmp'
Building C object CMakeFiles/cmTC_e9caa.dir/src.c.o
/usr/bin/cc   -DCMAKE_HAVE_LIBC_PTHREAD   -o CMakeFiles/cmTC_e9caa.dir/src.c.o   -c /home/apengse/APengse/Ros/ros_demo_2/build/CMakeFiles/CMakeTmp/src.c
Linking C executable cmTC_e9caa
/usr/local/bin/cmake -E cmake_link_script CMakeFiles/cmTC_e9caa.dir/link.txt --verbose=1
/usr/bin/cc  -DCMAKE_HAVE_LIBC_PTHREAD    -rdynamic CMakeFiles/cmTC_e9caa.dir/src.c.o  -o cmTC_e9caa 
CMakeFiles/cmTC_e9caa.dir/src.c.o：在函数‘main’中：
src.c:(.text+0x3c)：对‘pthread_create’未定义的引用
src.c:(.text+0x48)：对‘pthread_detach’未定义的引用
src.c:(.text+0x59)：对‘pthread_join’未定义的引用
src.c:(.text+0x6d)：对‘pthread_atfork’未定义的引用
collect2: error: ld returned 1 exit status
CMakeFiles/cmTC_e9caa.dir/build.make:86: recipe for target 'cmTC_e9caa' failed
make[1]: *** [cmTC_e9caa] Error 1
make[1]: Leaving directory '/home/apengse/APengse/Ros/ros_demo_2/build/CMakeFiles/CMakeTmp'
Makefile:121: recipe for target 'cmTC_e9caa/fast' failed
make: *** [cmTC_e9caa/fast] Error 2


Source file was:
#include <pthread.h>

void* test_func(void* data)
{
  return data;
}

int main(void)
{
  pthread_t thread;
  pthread_create(&thread, NULL, test_func, NULL);
  pthread_detach(thread);
  pthread_join(thread, NULL);
  pthread_atfork(NULL, NULL, NULL);
  pthread_exit(NULL);

  return 0;
}

Determining if the function pthread_create exists in the pthreads failed with the following output:
Change Dir: /home/apengse/APengse/Ros/ros_demo_2/build/CMakeFiles/CMakeTmp

Run Build Command(s):/usr/bin/make cmTC_a771d/fast && /usr/bin/make -f CMakeFiles/cmTC_a771d.dir/build.make CMakeFiles/cmTC_a771d.dir/build
make[1]: Entering directory '/home/apengse/APengse/Ros/ros_demo_2/build/CMakeFiles/CMakeTmp'
Building C object CMakeFiles/cmTC_a771d.dir/CheckFunctionExists.c.o
/usr/bin/cc   -DCHECK_FUNCTION_EXISTS=pthread_create   -o CMakeFiles/cmTC_a771d.dir/CheckFunctionExists.c.o   -c /usr/local/share/cmake-3.15/Modules/CheckFunctionExists.c
Linking C executable cmTC_a771d
/usr/local/bin/cmake -E cmake_link_script CMakeFiles/cmTC_a771d.dir/link.txt --verbose=1
/usr/bin/cc  -DCHECK_FUNCTION_EXISTS=pthread_create    -rdynamic CMakeFiles/cmTC_a771d.dir/CheckFunctionExists.c.o  -o cmTC_a771d -lpthreads 
/usr/bin/ld: 找不到 -lpthreads
collect2: error: ld returned 1 exit status
CMakeFiles/cmTC_a771d.dir/build.make:86: recipe for target 'cmTC_a771d' failed
make[1]: *** [cmTC_a771d] Error 1
make[1]: Leaving directory '/home/apengse/APengse/Ros/ros_demo_2/build/CMakeFiles/CMakeTmp'
Makefile:121: recipe for target 'cmTC_a771d/fast' failed
make: *** [cmTC_a771d/fast] Error 2



Performing C SOURCE FILE Test CMAKE_HAVE_LIBC_PTHREAD failed with the following output:
Change Dir: /home/akingse/ros_demo/ros_demo_2/build/CMakeFiles/CMakeTmp

Run Build Command(s):/usr/bin/make cmTC_43359/fast && /usr/bin/make -f CMakeFiles/cmTC_43359.dir/build.make CMakeFiles/cmTC_43359.dir/build
make[1]: Entering directory '/home/akingse/ros_demo/ros_demo_2/build/CMakeFiles/CMakeTmp'
Building C object CMakeFiles/cmTC_43359.dir/src.c.o
/usr/bin/cc   -DCMAKE_HAVE_LIBC_PTHREAD   -o CMakeFiles/cmTC_43359.dir/src.c.o   -c /home/akingse/ros_demo/ros_demo_2/build/CMakeFiles/CMakeTmp/src.c
Linking C executable cmTC_43359
/usr/local/bin/cmake -E cmake_link_script CMakeFiles/cmTC_43359.dir/link.txt --verbose=1
/usr/bin/cc  -DCMAKE_HAVE_LIBC_PTHREAD    -rdynamic CMakeFiles/cmTC_43359.dir/src.c.o  -o cmTC_43359 
CMakeFiles/cmTC_43359.dir/src.c.o：在函数‘main’中：
src.c:(.text+0x3c)：对‘pthread_create’未定义的引用
src.c:(.text+0x48)：对‘pthread_detach’未定义的引用
src.c:(.text+0x59)：对‘pthread_join’未定义的引用
src.c:(.text+0x6d)：对‘pthread_atfork’未定义的引用
collect2: error: ld returned 1 exit status
CMakeFiles/cmTC_43359.dir/build.make:86: recipe for target 'cmTC_43359' failed
make[1]: *** [cmTC_43359] Error 1
make[1]: Leaving directory '/home/akingse/ros_demo/ros_demo_2/build/CMakeFiles/CMakeTmp'
Makefile:121: recipe for target 'cmTC_43359/fast' failed
make: *** [cmTC_43359/fast] Error 2


Source file was:
#include <pthread.h>

void* test_func(void* data)
{
  return data;
}

int main(void)
{
  pthread_t thread;
  pthread_create(&thread, NULL, test_func, NULL);
  pthread_detach(thread);
  pthread_join(thread, NULL);
  pthread_atfork(NULL, NULL, NULL);
  pthread_exit(NULL);

  return 0;
}

Determining if the function pthread_create exists in the pthreads failed with the following output:
Change Dir: /home/akingse/ros_demo/ros_demo_2/build/CMakeFiles/CMakeTmp

Run Build Command(s):/usr/bin/make cmTC_e7ef1/fast && /usr/bin/make -f CMakeFiles/cmTC_e7ef1.dir/build.make CMakeFiles/cmTC_e7ef1.dir/build
make[1]: Entering directory '/home/akingse/ros_demo/ros_demo_2/build/CMakeFiles/CMakeTmp'
Building C object CMakeFiles/cmTC_e7ef1.dir/CheckFunctionExists.c.o
/usr/bin/cc   -DCHECK_FUNCTION_EXISTS=pthread_create   -o CMakeFiles/cmTC_e7ef1.dir/CheckFunctionExists.c.o   -c /usr/local/share/cmake-3.16/Modules/CheckFunctionExists.c
Linking C executable cmTC_e7ef1
/usr/local/bin/cmake -E cmake_link_script CMakeFiles/cmTC_e7ef1.dir/link.txt --verbose=1
/usr/bin/cc  -DCHECK_FUNCTION_EXISTS=pthread_create    -rdynamic CMakeFiles/cmTC_e7ef1.dir/CheckFunctionExists.c.o  -o cmTC_e7ef1  -lpthreads 
/usr/bin/ld: 找不到 -lpthreads
collect2: error: ld returned 1 exit status
CMakeFiles/cmTC_e7ef1.dir/build.make:86: recipe for target 'cmTC_e7ef1' failed
make[1]: *** [cmTC_e7ef1] Error 1
make[1]: Leaving directory '/home/akingse/ros_demo/ros_demo_2/build/CMakeFiles/CMakeTmp'
Makefile:121: recipe for target 'cmTC_e7ef1/fast' failed
make: *** [cmTC_e7ef1/fast] Error 2



